<?xml version="1.0" encoding="UTF-8"?>
<!-- Generated by org.testng.reporters.JUnitReportReporter -->
<testsuite hostname="DESKTOP-PJL69FG" failures="0" tests="1" name="TestNG.Introduccion.FirstTest" time="0.005" errors="0" timestamp="2023-09-29T10:08:59 CEST" skipped="0">
  <testcase classname="TestNG.Introduccion.FirstTest" name="setup" time="0.005"/>
</testsuite> <!-- TestNG.Introduccion.FirstTest -->
